261
188 238 189 243
191 244 193 247
91 170 92 175
158 216 158 227
194 94 194 105
158 246 160 249
107 57 109 60
74 195 77 197
28 234 36 234
83 22 91 22
171 243 175 244
172 53 176 54
190 164 190 174
138 98 146 98
181 239 182 243
161 229 163 232
66 219 69 221
177 16 186 16
172 238 180 238
11 247 14 249
112 195 113 199
182 219 193 219
196 243 197 248
15 234 24 234
197 226 198 230
195 94 196 97
191 235 194 236
196 215 197 220
145 157 150 158
158 244 169 244
196 70 196 81
174 245 177 246
164 247 167 249
124 243 133 243
178 243 181 245
178 246 180 248
199 197 199 207
195 62 199 63
186 233 186 243
170 72 170 81
168 235 169 240
156 21 157 25
108 226 119 226
195 236 197 238
166 209 170 210
187 160 188 165
192 144 192 152
168 72 169 76
189 184 189 195
170 235 179 235
195 220 195 227
155 238 165 238
118 249 126 249
199 131 199 142
40 216 40 223
184 185 184 194
185 235 185 243
176 221 179 223
185 210 185 221
150 206 160 206
48 238 48 246
186 249 194 249
122 221 122 229
188 186 188 197
175 189 180 190
81 144 90 144
87 72 89 75
170 42 171 45
198 239 198 249
190 245 191 248
193 178 195 180
193 118 196 119
199 229 199 238
146 181 147 185
160 185 163 187
179 217 187 217
167 197 169 200
154 240 154 249
64 231 72 231
183 243 184 248
5 244 16 244
195 189 197 191
135 249 146 249
172 149 177 150
176 211 176 219
54 248 63 248
187 242 197 242
173 214 173 223
4 150 8 151
28 240 39 240
174 103 185 103
191 211 195 212
152 242 155 243
186 112 188 114
188 204 188 214
97 228 99 231
189 162 194 163
186 206 191 207
181 247 189 247
59 231 60 235
174 78 174 86
142 248 153 248
168 232 179 232
177 239 180 241
163 158 163 165
157 218 167 218
188 202 193 203
41 243 42 247
98 148 101 150
173 231 183 231
119 125 122 127
144 233 155 233
177 202 180 204
60 237 62 239
157 56 158 61
176 228 187 228
183 238 184 241
196 233 196 241
143 225 143 235
70 211 75 212
50 123 51 128
176 176 178 179
4 184 4 194
171 124 174 126
83 221 93 221
31 249 41 249
130 211 130 221
184 198 184 207
175 20 175 30
198 173 198 182
178 32 178 42
150 58 153 60
129 199 130 203
131 214 135 215
199 220 199 227
61 174 62 178
190 240 192 243
26 211 26 222
109 39 112 41
184 154 184 165
195 196 198 197
103 248 108 249
180 234 183 236
198 212 199 217
181 159 181 169
131 232 136 233
123 73 125 75
188 40 197 40
74 247 82 247
185 179 192 179
183 134 186 136
191 224 193 227
71 66 73 68
114 240 123 240
193 158 193 165
153 33 154 37
161 174 162 179
177 166 178 171
169 216 170 221
198 26 198 34
83 236 91 236
136 115 138 118
178 201 187 201
65 249 76 249
29 218 31 220
124 223 126 225
31 222 33 225
136 241 139 242
147 187 149 189
93 244 104 244
179 172 179 183
116 234 126 234
30 238 31 242
163 194 166 196
166 228 169 230
167 142 172 143
123 242 133 242
154 76 165 76
172 92 182 92
130 244 135 245
190 208 199 208
157 234 162 235
126 237 127 241
157 191 157 202
45 199 45 208
51 241 52 244
64 240 69 241
113 83 124 83
189 60 196 60
163 58 167 59
131 158 131 168
146 50 147 54
95 237 99 238
157 8 160 10
125 235 130 236
165 26 174 26
172 249 182 249
193 141 194 145
196 195 196 206
195 141 198 143
184 90 194 90
75 114 85 114
136 39 140 40
191 228 199 228
159 219 166 219
19 183 19 190
180 210 180 221
194 241 195 246
96 221 100 222
88 135 89 140
182 120 189 120
199 22 199 33
187 209 192 210
121 183 126 184
192 230 192 237
179 153 189 153
180 222 180 233
44 36 47 38
131 225 139 225
93 227 95 229
142 193 145 195
174 233 178 234
106 211 107 215
189 141 190 146
87 247 96 247
168 242 177 242
194 220 194 230
79 62 79 70
91 208 93 211
158 187 158 198
114 243 119 244
162 136 162 147
180 152 190 152
117 236 120 238
151 239 161 239
93 168 96 169
69 246 72 248
135 187 146 187
160 137 161 140
14 218 21 218
117 131 120 133
35 204 46 204
168 28 168 37
167 64 167 71
86 179 86 190
146 209 157 209
191 194 195 195
3 245 8 246
187 170 191 171
42 240 51 240
100 201 100 208
122 47 122 57
115 229 115 236
198 198 198 205
152 226 162 226
60 21 63 23
142 224 142 232
20 247 22 249
25 147 29 148
147 31 152 32
171 99 171 110